<?xml version="1.0" encoding="UTF-8"?>
<testng-results ignored="0" total="9" passed="7" failed="2" skipped="0">
  <reporter-output>
  </reporter-output>
  <suite started-at="2022-07-10T08:03:10 GMT-07:00" name="Suite" finished-at="2022-07-10T08:06:24 GMT-07:00" duration-ms="193785">
    <groups>
    </groups>
    <test started-at="2022-07-10T08:03:10 GMT-07:00" name="Test" finished-at="2022-07-10T08:06:24 GMT-07:00" duration-ms="193785">
      <class name="numbersprogram.p2">
        <test-method is-config="true" signature="method1()[pri:0, instance:numbersprogram.p2@52b1beb6]" started-at="2022-07-10T08:03:10 GMT-07:00" name="method1" finished-at="2022-07-10T08:03:10 GMT-07:00" duration-ms="1" status="PASS">
          <reporter-output>
          </reporter-output>
        </test-method> <!-- method1 -->
        <test-method signature="method()[pri:1, instance:numbersprogram.p2@52b1beb6]" started-at="2022-07-10T08:03:10 GMT-07:00" name="method" finished-at="2022-07-10T08:03:10 GMT-07:00" duration-ms="3" status="PASS">
          <reporter-output>
          </reporter-output>
        </test-method> <!-- method -->
        <test-method is-config="true" signature="method2()[pri:0, instance:numbersprogram.p2@52b1beb6]" started-at="2022-07-10T08:03:10 GMT-07:00" name="method2" finished-at="2022-07-10T08:03:10 GMT-07:00" duration-ms="1" status="PASS">
          <reporter-output>
          </reporter-output>
        </test-method> <!-- method2 -->
      </class> <!-- numbersprogram.p2 -->
      <class name="Selenium.TestNGsingle">
        <test-method signature="single()[pri:0, instance:Selenium.TestNGsingle@3cebbb30]" started-at="2022-07-10T08:03:10 GMT-07:00" name="single" finished-at="2022-07-10T08:04:59 GMT-07:00" duration-ms="109386" status="PASS">
          <reporter-output>
          </reporter-output>
        </test-method> <!-- single -->
      </class> <!-- Selenium.TestNGsingle -->
      <class name="TestNG.Assertion">
        <test-method signature="hardassert()[pri:0, instance:TestNG.Assertion@7d4f9aae]" started-at="2022-07-10T08:03:10 GMT-07:00" name="hardassert" finished-at="2022-07-10T08:03:10 GMT-07:00" duration-ms="37" status="PASS">
          <reporter-output>
          </reporter-output>
        </test-method> <!-- hardassert -->
      </class> <!-- TestNG.Assertion -->
      <class name="Selenium.Multiproduct">
        <test-method signature="multi()[pri:0, instance:Selenium.Multiproduct@506ae4d4]" started-at="2022-07-10T08:03:10 GMT-07:00" name="multi" finished-at="2022-07-10T08:05:30 GMT-07:00" duration-ms="139974" status="FAIL">
          <exception class="org.openqa.selenium.NoSuchElementException">
            <message>
              <![CDATA[Unable to locate element: //a[@class='shopping_cart_link']
For documentation on this error, please visit: https://selenium.dev/exceptions/#no_such_element
Build info: version: '4.1.3', revision: '7b1ebf28ef'
System info: host: 'VAIO', ip: '192.168.181.2', os.name: 'Windows 8.1', os.arch: 'amd64', os.version: '6.3', java.version: '17.0.3'
Driver info: org.openqa.selenium.firefox.FirefoxDriver
Command: [d350378d-0e2c-45f3-9dba-a256981a117e, findElement {using=xpath, value=//a[@class='shopping_cart_link']}]
Capabilities {acceptInsecureCerts: true, browserName: firefox, browserVersion: 102.0.1, javascriptEnabled: true, moz:accessibilityChecks: false, moz:buildID: 20220705093820, moz:debuggerAddress: localhost:64889, moz:geckodriverVersion: 0.31.0, moz:headless: false, moz:processID: 4912, moz:profile: C:\Users\SONY\AppData\Local..., moz:shutdownTimeout: 60000, moz:useNonSpecCompliantPointerOrigin: false, moz:webdriverClick: true, moz:windowless: false, pageLoadStrategy: normal, platform: WINDOWS, platformName: WINDOWS, platformVersion: 6.3, proxy: Proxy(), se:cdp: ws://localhost:64889/devtoo..., se:cdpVersion: 85.0, setWindowRect: true, strictFileInteractability: false, timeouts: {implicit: 0, pageLoad: 300000, script: 30000}, unhandledPromptBehavior: dismiss and notify}
Session ID: d350378d-0e2c-45f3-9dba-a256981a117e]]>
            </message>
            <full-stacktrace>
              <![CDATA[org.openqa.selenium.NoSuchElementException: Unable to locate element: //a[@class='shopping_cart_link']
For documentation on this error, please visit: https://selenium.dev/exceptions/#no_such_element
Build info: version: '4.1.3', revision: '7b1ebf28ef'
System info: host: 'VAIO', ip: '192.168.181.2', os.name: 'Windows 8.1', os.arch: 'amd64', os.version: '6.3', java.version: '17.0.3'
Driver info: org.openqa.selenium.firefox.FirefoxDriver
Command: [d350378d-0e2c-45f3-9dba-a256981a117e, findElement {using=xpath, value=//a[@class='shopping_cart_link']}]
Capabilities {acceptInsecureCerts: true, browserName: firefox, browserVersion: 102.0.1, javascriptEnabled: true, moz:accessibilityChecks: false, moz:buildID: 20220705093820, moz:debuggerAddress: localhost:64889, moz:geckodriverVersion: 0.31.0, moz:headless: false, moz:processID: 4912, moz:profile: C:\Users\SONY\AppData\Local..., moz:shutdownTimeout: 60000, moz:useNonSpecCompliantPointerOrigin: false, moz:webdriverClick: true, moz:windowless: false, pageLoadStrategy: normal, platform: WINDOWS, platformName: WINDOWS, platformVersion: 6.3, proxy: Proxy(), se:cdp: ws://localhost:64889/devtoo..., se:cdpVersion: 85.0, setWindowRect: true, strictFileInteractability: false, timeouts: {implicit: 0, pageLoad: 300000, script: 30000}, unhandledPromptBehavior: dismiss and notify}
Session ID: d350378d-0e2c-45f3-9dba-a256981a117e
at java.base/jdk.internal.reflect.NativeConstructorAccessorImpl.newInstance0(Native Method)
at java.base/jdk.internal.reflect.NativeConstructorAccessorImpl.newInstance(NativeConstructorAccessorImpl.java:77)
at java.base/jdk.internal.reflect.DelegatingConstructorAccessorImpl.newInstance(DelegatingConstructorAccessorImpl.java:45)
at java.base/java.lang.reflect.Constructor.newInstanceWithCaller(Constructor.java:499)
at java.base/java.lang.reflect.Constructor.newInstance(Constructor.java:480)
at org.openqa.selenium.remote.codec.w3c.W3CHttpResponseCodec.createException(W3CHttpResponseCodec.java:200)
at org.openqa.selenium.remote.codec.w3c.W3CHttpResponseCodec.decode(W3CHttpResponseCodec.java:133)
at org.openqa.selenium.remote.codec.w3c.W3CHttpResponseCodec.decode(W3CHttpResponseCodec.java:53)
at org.openqa.selenium.remote.HttpCommandExecutor.execute(HttpCommandExecutor.java:184)
at org.openqa.selenium.remote.service.DriverCommandExecutor.invokeExecute(DriverCommandExecutor.java:167)
at org.openqa.selenium.remote.service.DriverCommandExecutor.execute(DriverCommandExecutor.java:142)
at org.openqa.selenium.remote.RemoteWebDriver.execute(RemoteWebDriver.java:567)
at org.openqa.selenium.remote.ElementLocation$ElementFinder$2.findElement(ElementLocation.java:162)
at org.openqa.selenium.remote.ElementLocation.findElement(ElementLocation.java:60)
at org.openqa.selenium.remote.RemoteWebDriver.findElement(RemoteWebDriver.java:385)
at org.openqa.selenium.remote.RemoteWebDriver.findElement(RemoteWebDriver.java:377)
at org.openqa.selenium.support.pagefactory.DefaultElementLocator.findElement(DefaultElementLocator.java:70)
at org.openqa.selenium.support.pagefactory.internal.LocatingElementHandler.invoke(LocatingElementHandler.java:39)
at jdk.proxy2/jdk.proxy2.$Proxy20.getText(Unknown Source)
at Pomclasses.SingleProductSelect.addtocard(SingleProductSelect.java:29)
at Selenium.Multiproduct.multi(Multiproduct.java:37)
at java.base/jdk.internal.reflect.NativeMethodAccessorImpl.invoke0(Native Method)
at java.base/jdk.internal.reflect.NativeMethodAccessorImpl.invoke(NativeMethodAccessorImpl.java:77)
at java.base/jdk.internal.reflect.DelegatingMethodAccessorImpl.invoke(DelegatingMethodAccessorImpl.java:43)
at java.base/java.lang.reflect.Method.invoke(Method.java:568)
at org.testng.internal.MethodInvocationHelper.invokeMethod(MethodInvocationHelper.java:133)
at org.testng.internal.TestInvoker.invokeMethod(TestInvoker.java:598)
at org.testng.internal.TestInvoker.invokeTestMethod(TestInvoker.java:173)
at org.testng.internal.MethodRunner.runInSequence(MethodRunner.java:46)
at org.testng.internal.TestInvoker$MethodInvocationAgent.invoke(TestInvoker.java:824)
at org.testng.internal.TestInvoker.invokeTestMethods(TestInvoker.java:146)
at org.testng.internal.TestMethodWorker.invokeTestMethods(TestMethodWorker.java:146)
at org.testng.internal.TestMethodWorker.run(TestMethodWorker.java:128)
at java.base/java.util.concurrent.ThreadPoolExecutor.runWorker(ThreadPoolExecutor.java:1136)
at java.base/java.util.concurrent.ThreadPoolExecutor$Worker.run(ThreadPoolExecutor.java:635)
at java.base/java.lang.Thread.run(Thread.java:833)
]]>
            </full-stacktrace>
          </exception> <!-- org.openqa.selenium.NoSuchElementException -->
          <reporter-output>
          </reporter-output>
        </test-method> <!-- multi -->
      </class> <!-- Selenium.Multiproduct -->
      <class name="TestNG.TestngKeyword">
        <test-method signature="method()[pri:-2, instance:TestNG.TestngKeyword@b9b00e0]" started-at="2022-07-10T08:03:10 GMT-07:00" name="method" finished-at="2022-07-10T08:03:10 GMT-07:00" duration-ms="29" status="PASS">
          <reporter-output>
          </reporter-output>
        </test-method> <!-- method -->
      </class> <!-- TestNG.TestngKeyword -->
      <class name="Selenium.Anotation">
        <test-method is-config="true" signature="beforesuite()[pri:0, instance:Selenium.Anotation@1c7696c6]" started-at="2022-07-10T08:03:10 GMT-07:00" name="beforesuite" finished-at="2022-07-10T08:03:10 GMT-07:00" duration-ms="20" status="PASS">
          <reporter-output>
          </reporter-output>
        </test-method> <!-- beforesuite -->
        <test-method is-config="true" signature="Beforeclass()[pri:0, instance:Selenium.Anotation@1c7696c6]" started-at="2022-07-10T08:03:10 GMT-07:00" name="Beforeclass" finished-at="2022-07-10T08:03:10 GMT-07:00" duration-ms="1" status="PASS">
          <reporter-output>
          </reporter-output>
        </test-method> <!-- Beforeclass -->
        <test-method is-config="true" signature="beforemethod()[pri:0, instance:Selenium.Anotation@1c7696c6]" started-at="2022-07-10T08:03:10 GMT-07:00" name="beforemethod" finished-at="2022-07-10T08:03:10 GMT-07:00" duration-ms="2" status="PASS">
          <reporter-output>
          </reporter-output>
        </test-method> <!-- beforemethod -->
        <test-method signature="testclass()[pri:0, instance:Selenium.Anotation@1c7696c6]" started-at="2022-07-10T08:03:10 GMT-07:00" name="testclass" finished-at="2022-07-10T08:03:10 GMT-07:00" duration-ms="5" status="PASS">
          <reporter-output>
          </reporter-output>
        </test-method> <!-- testclass -->
        <test-method is-config="true" signature="after()[pri:0, instance:Selenium.Anotation@1c7696c6]" started-at="2022-07-10T08:03:10 GMT-07:00" name="after" finished-at="2022-07-10T08:03:10 GMT-07:00" duration-ms="2" status="PASS">
          <reporter-output>
          </reporter-output>
        </test-method> <!-- after -->
        <test-method is-config="true" signature="Afterclass()[pri:0, instance:Selenium.Anotation@1c7696c6]" started-at="2022-07-10T08:03:10 GMT-07:00" name="Afterclass" finished-at="2022-07-10T08:03:10 GMT-07:00" duration-ms="0" status="PASS">
          <reporter-output>
          </reporter-output>
        </test-method> <!-- Afterclass -->
        <test-method is-config="true" signature="Aftersuite()[pri:0, instance:Selenium.Anotation@1c7696c6]" started-at="2022-07-10T08:06:25 GMT-07:00" name="Aftersuite" finished-at="2022-07-10T08:06:25 GMT-07:00" duration-ms="1" status="PASS">
          <reporter-output>
          </reporter-output>
        </test-method> <!-- Aftersuite -->
      </class> <!-- Selenium.Anotation -->
      <class name="TestNG.TestNglogin">
        <test-method is-config="true" signature="loginfunctionlity()[pri:0, instance:TestNG.TestNglogin@1e6a3214]" started-at="2022-07-10T08:03:10 GMT-07:00" name="loginfunctionlity" finished-at="2022-07-10T08:04:40 GMT-07:00" duration-ms="89651" status="PASS">
          <reporter-output>
          </reporter-output>
        </test-method> <!-- loginfunctionlity -->
        <test-method signature="checkurl()[pri:0, instance:TestNG.TestNglogin@1e6a3214]" started-at="2022-07-10T08:04:40 GMT-07:00" name="checkurl" finished-at="2022-07-10T08:04:40 GMT-07:00" duration-ms="279" status="PASS">
          <reporter-output>
          </reporter-output>
        </test-method> <!-- checkurl -->
        <test-method is-config="true" signature="teardown()[pri:0, instance:TestNG.TestNglogin@1e6a3214]" started-at="2022-07-10T08:04:40 GMT-07:00" name="teardown" finished-at="2022-07-10T08:05:12 GMT-07:00" duration-ms="32023" status="PASS">
          <reporter-output>
          </reporter-output>
        </test-method> <!-- teardown -->
        <test-method is-config="true" signature="loginfunctionlity()[pri:0, instance:TestNG.TestNglogin@1e6a3214]" started-at="2022-07-10T08:05:12 GMT-07:00" name="loginfunctionlity" finished-at="2022-07-10T08:06:16 GMT-07:00" duration-ms="63809" status="PASS">
          <reporter-output>
          </reporter-output>
        </test-method> <!-- loginfunctionlity -->
        <test-method signature="testloginfunctoinlity()[pri:0, instance:TestNG.TestNglogin@1e6a3214]" started-at="2022-07-10T08:06:16 GMT-07:00" name="testloginfunctoinlity" finished-at="2022-07-10T08:06:16 GMT-07:00" duration-ms="14" status="PASS">
          <reporter-output>
          </reporter-output>
        </test-method> <!-- testloginfunctoinlity -->
        <test-method is-config="true" signature="teardown()[pri:0, instance:TestNG.TestNglogin@1e6a3214]" started-at="2022-07-10T08:06:16 GMT-07:00" name="teardown" finished-at="2022-07-10T08:06:24 GMT-07:00" duration-ms="7921" status="PASS">
          <reporter-output>
          </reporter-output>
        </test-method> <!-- teardown -->
      </class> <!-- TestNG.TestNglogin -->
      <class name="Selenium.Testloginpage">
        <test-method signature="loginpage()[pri:0, instance:Selenium.Testloginpage@368247b9]" started-at="2022-07-10T08:03:10 GMT-07:00" name="loginpage" finished-at="2022-07-10T08:05:19 GMT-07:00" duration-ms="129015" status="FAIL">
          <exception class="org.openqa.selenium.NoSuchElementException">
            <message>
              <![CDATA[Unable to locate element: //button[@id='react-burger-menu-btn']
For documentation on this error, please visit: https://selenium.dev/exceptions/#no_such_element
Build info: version: '4.1.3', revision: '7b1ebf28ef'
System info: host: 'VAIO', ip: '192.168.181.2', os.name: 'Windows 8.1', os.arch: 'amd64', os.version: '6.3', java.version: '17.0.3'
Driver info: org.openqa.selenium.firefox.FirefoxDriver
Command: [f00f110e-6ed0-4ebb-b576-596a0d216035, findElement {using=xpath, value=//button[@id='react-burger-menu-btn']}]
Capabilities {acceptInsecureCerts: true, browserName: firefox, browserVersion: 102.0.1, javascriptEnabled: true, moz:accessibilityChecks: false, moz:buildID: 20220705093820, moz:debuggerAddress: localhost:57426, moz:geckodriverVersion: 0.31.0, moz:headless: false, moz:processID: 6456, moz:profile: C:\Users\SONY\AppData\Local..., moz:shutdownTimeout: 60000, moz:useNonSpecCompliantPointerOrigin: false, moz:webdriverClick: true, moz:windowless: false, pageLoadStrategy: normal, platform: WINDOWS, platformName: WINDOWS, platformVersion: 6.3, proxy: Proxy(), se:cdp: ws://localhost:57426/devtoo..., se:cdpVersion: 85.0, setWindowRect: true, strictFileInteractability: false, timeouts: {implicit: 0, pageLoad: 300000, script: 30000}, unhandledPromptBehavior: dismiss and notify}
Session ID: f00f110e-6ed0-4ebb-b576-596a0d216035]]>
            </message>
            <full-stacktrace>
              <![CDATA[org.openqa.selenium.NoSuchElementException: Unable to locate element: //button[@id='react-burger-menu-btn']
For documentation on this error, please visit: https://selenium.dev/exceptions/#no_such_element
Build info: version: '4.1.3', revision: '7b1ebf28ef'
System info: host: 'VAIO', ip: '192.168.181.2', os.name: 'Windows 8.1', os.arch: 'amd64', os.version: '6.3', java.version: '17.0.3'
Driver info: org.openqa.selenium.firefox.FirefoxDriver
Command: [f00f110e-6ed0-4ebb-b576-596a0d216035, findElement {using=xpath, value=//button[@id='react-burger-menu-btn']}]
Capabilities {acceptInsecureCerts: true, browserName: firefox, browserVersion: 102.0.1, javascriptEnabled: true, moz:accessibilityChecks: false, moz:buildID: 20220705093820, moz:debuggerAddress: localhost:57426, moz:geckodriverVersion: 0.31.0, moz:headless: false, moz:processID: 6456, moz:profile: C:\Users\SONY\AppData\Local..., moz:shutdownTimeout: 60000, moz:useNonSpecCompliantPointerOrigin: false, moz:webdriverClick: true, moz:windowless: false, pageLoadStrategy: normal, platform: WINDOWS, platformName: WINDOWS, platformVersion: 6.3, proxy: Proxy(), se:cdp: ws://localhost:57426/devtoo..., se:cdpVersion: 85.0, setWindowRect: true, strictFileInteractability: false, timeouts: {implicit: 0, pageLoad: 300000, script: 30000}, unhandledPromptBehavior: dismiss and notify}
Session ID: f00f110e-6ed0-4ebb-b576-596a0d216035
at java.base/jdk.internal.reflect.NativeConstructorAccessorImpl.newInstance0(Native Method)
at java.base/jdk.internal.reflect.NativeConstructorAccessorImpl.newInstance(NativeConstructorAccessorImpl.java:77)
at java.base/jdk.internal.reflect.DelegatingConstructorAccessorImpl.newInstance(DelegatingConstructorAccessorImpl.java:45)
at java.base/java.lang.reflect.Constructor.newInstanceWithCaller(Constructor.java:499)
at java.base/java.lang.reflect.Constructor.newInstance(Constructor.java:480)
at org.openqa.selenium.remote.codec.w3c.W3CHttpResponseCodec.createException(W3CHttpResponseCodec.java:200)
at org.openqa.selenium.remote.codec.w3c.W3CHttpResponseCodec.decode(W3CHttpResponseCodec.java:133)
at org.openqa.selenium.remote.codec.w3c.W3CHttpResponseCodec.decode(W3CHttpResponseCodec.java:53)
at org.openqa.selenium.remote.HttpCommandExecutor.execute(HttpCommandExecutor.java:184)
at org.openqa.selenium.remote.service.DriverCommandExecutor.invokeExecute(DriverCommandExecutor.java:167)
at org.openqa.selenium.remote.service.DriverCommandExecutor.execute(DriverCommandExecutor.java:142)
at org.openqa.selenium.remote.RemoteWebDriver.execute(RemoteWebDriver.java:567)
at org.openqa.selenium.remote.ElementLocation$ElementFinder$2.findElement(ElementLocation.java:162)
at org.openqa.selenium.remote.ElementLocation.findElement(ElementLocation.java:60)
at org.openqa.selenium.remote.RemoteWebDriver.findElement(RemoteWebDriver.java:385)
at org.openqa.selenium.remote.RemoteWebDriver.findElement(RemoteWebDriver.java:377)
at org.openqa.selenium.support.pagefactory.DefaultElementLocator.findElement(DefaultElementLocator.java:70)
at org.openqa.selenium.support.pagefactory.internal.LocatingElementHandler.invoke(LocatingElementHandler.java:39)
at jdk.proxy2/jdk.proxy2.$Proxy20.click(Unknown Source)
at Pomclasses.Homepage.button(Homepage.java:21)
at Selenium.Testloginpage.loginpage(Testloginpage.java:42)
at java.base/jdk.internal.reflect.NativeMethodAccessorImpl.invoke0(Native Method)
at java.base/jdk.internal.reflect.NativeMethodAccessorImpl.invoke(NativeMethodAccessorImpl.java:77)
at java.base/jdk.internal.reflect.DelegatingMethodAccessorImpl.invoke(DelegatingMethodAccessorImpl.java:43)
at java.base/java.lang.reflect.Method.invoke(Method.java:568)
at org.testng.internal.MethodInvocationHelper.invokeMethod(MethodInvocationHelper.java:133)
at org.testng.internal.TestInvoker.invokeMethod(TestInvoker.java:598)
at org.testng.internal.TestInvoker.invokeTestMethod(TestInvoker.java:173)
at org.testng.internal.MethodRunner.runInSequence(MethodRunner.java:46)
at org.testng.internal.TestInvoker$MethodInvocationAgent.invoke(TestInvoker.java:824)
at org.testng.internal.TestInvoker.invokeTestMethods(TestInvoker.java:146)
at org.testng.internal.TestMethodWorker.invokeTestMethods(TestMethodWorker.java:146)
at org.testng.internal.TestMethodWorker.run(TestMethodWorker.java:128)
at java.base/java.util.concurrent.ThreadPoolExecutor.runWorker(ThreadPoolExecutor.java:1136)
at java.base/java.util.concurrent.ThreadPoolExecutor$Worker.run(ThreadPoolExecutor.java:635)
at java.base/java.lang.Thread.run(Thread.java:833)
]]>
            </full-stacktrace>
          </exception> <!-- org.openqa.selenium.NoSuchElementException -->
          <reporter-output>
          </reporter-output>
        </test-method> <!-- loginpage -->
      </class> <!-- Selenium.Testloginpage -->
    </test> <!-- Test -->
  </suite> <!-- Suite -->
</testng-results>
